[2025-05-13T18:36:27.902Z] CleanupService initialized from cleanup-init module
[2025-05-13T18:36:27.903Z] CleanupService initialized from cleanup endpoint
[2025-05-13T18:36:27.904Z] Manual cleanup initiated
[2025-05-13T18:36:27.906Z] Found 1 expired transfers to clean up
[2025-05-13T18:36:29.773Z] Cleanup completed: Deleted 1 expired transfers and 10 files from storage
[2025-05-13T18:40:00.270Z] [2025-05-13T18:40:00.268Z] CleanupService scheduled check running...
[2025-05-13T18:40:00.280Z] No expired transfers found to clean up at 2025-05-13T18:40:00.268Z
[2025-05-13T18:40:18.608Z]  [37m[1m○[22m[39m Compiling /api/cleanup/status ...
[2025-05-13T18:40:18.631Z]  [32m[1m✓[22m[39m Compiled /api/cleanup/status in 552ms (710 modules)
[2025-05-13T18:50:00.187Z] [2025-05-13T18:50:00.186Z] CleanupService scheduled check running...
[2025-05-13T18:50:00.194Z] No expired transfers found to clean up at 2025-05-13T18:50:00.186Z
[2025-05-13T22:18:47.790Z] CleanupService initialized from cleanup-init module
[2025-05-13T22:18:47.791Z] CleanupService initialized from cleanup endpoint
[2025-05-14T23:18:15.621Z] CleanupService initialized from cleanup-init module
[2025-05-14T23:18:15.623Z] CleanupService initialized from cleanup endpoint
[2025-05-14T23:18:17.827Z] CleanupService initialized from cleanup-init module
[2025-05-14T23:18:17.827Z] CleanupService initialized from cleanup endpoint
[2025-05-14T23:27:33.871Z] CleanupService initialized from cleanup-init module
[2025-05-14T23:27:33.873Z] CleanupService initialized from cleanup endpoint
[2025-05-14T23:27:35.900Z] CleanupService initialized from cleanup-init module
[2025-05-14T23:27:35.901Z] CleanupService initialized from cleanup endpoint
[2025-05-14T23:55:38.694Z] CleanupService initialized from cleanup-init module
[2025-05-14T23:55:38.695Z] CleanupService initialized from cleanup endpoint
[2025-05-14T23:55:40.559Z] CleanupService initialized from cleanup-init module
[2025-05-14T23:55:40.560Z] CleanupService initialized from cleanup endpoint
[2025-05-15T13:21:42.817Z] CleanupService initialized from cleanup-init module
[2025-05-15T13:21:42.820Z] CleanupService initialized from cleanup endpoint
[2025-05-15T13:21:42.821Z] Manual cleanup initiated
[2025-05-15T13:30:01.028Z] [2025-05-15T13:30:00.998Z] CleanupService scheduled check running...
[2025-05-15T13:30:01.065Z] No expired transfers found to clean up at 2025-05-15T13:30:00.998Z
